#-----------------------------------------------------------
# Vivado v2020.2 (64-bit)
# SW Build 3064766 on Wed Nov 18 09:12:45 MST 2020
# IP Build 3064653 on Wed Nov 18 14:17:31 MST 2020
# Start of session at: Thu Apr  4 15:07:09 2024
# Process ID: 10436
# Current directory: V:/MOLAK/Projekt/PWM_Based_Tone_Generator
# Command line: vivado.exe -gui_launcher_event rodinguilauncherevent9092 V:\MOLAK\Projekt\PWM_Based_Tone_Generator\PWM_Based_Tone_Generator.xpr
# Log file: V:/MOLAK/Projekt/PWM_Based_Tone_Generator/vivado.log
# Journal file: V:/MOLAK/Projekt/PWM_Based_Tone_Generator\vivado.jou
#-----------------------------------------------------------
start_gui
open_project V:/MOLAK/Projekt/PWM_Based_Tone_Generator/PWM_Based_Tone_Generator.xpr
INFO: [Project 1-313] Project file moved from 'V:/MOLAK/PWM_Based_Tone_Generator' since last save.
WARNING: [filemgmt 56-2] Default IP Output Path : Could not find the directory 'V:/MOLAK/Projekt/PWM_Based_Tone_Generator/PWM_Based_Tone_Generator.gen/sources_1', nor could it be found using path 'V:/MOLAK/PWM_Based_Tone_Generator/PWM_Based_Tone_Generator.gen/sources_1'.
Scanning sources...
Finished scanning sources
INFO: [IP_Flow 19-234] Refreshing IP repositories
INFO: [IP_Flow 19-1704] No user IP repositories specified
INFO: [IP_Flow 19-2313] Loaded Vivado IP repository 'C:/appz/Xilinx/Vivado/2020.2/data/ip'.
update_compile_order -fileset sources_1
import_files -norecurse {V:/MOLAK/counter/counter.srcs/sources_1/new/clock_enable.vhd V:/MOLAK/counter/counter.srcs/sources_1/new/simple_counter.vhd}
update_compile_order -fileset sources_1
WARNING: [filemgmt 20-1445] Cannot import file 'V:/MOLAK/Projekt/PWM_Based_Tone_Generator/PWM_Based_Tone_Generator.srcs/sources_1/imports/new/debounce.vhd' on top of itself. Importing a file from the imported source directory can cause this problem.
add_files -norecurse V:/MOLAK/Projekt/PWM_Based_Tone_Generator/PWM_Based_Tone_Generator.srcs/sources_1/imports/new/debounce.vhd
update_compile_order -fileset sources_1
update_compile_order -fileset sources_1
update_compile_order -fileset sources_1
update_compile_order -fileset sources_1
update_compile_order -fileset sources_1
update_compile_order -fileset sources_1
update_compile_order -fileset sources_1
exit
INFO: [Common 17-206] Exiting Vivado at Thu Apr  4 16:45:25 2024...
