#-----------------------------------------------------------
# Vivado v2020.2 (64-bit)
# SW Build 3064766 on Wed Nov 18 09:12:45 MST 2020
# IP Build 3064653 on Wed Nov 18 14:17:31 MST 2020
# Start of session at: Thu Apr 11 16:22:19 2024
# Process ID: 11400
# Current directory: C:/Users/247830/Desktop/projekt_light
# Command line: vivado.exe -gui_launcher_event rodinguilauncherevent3672 C:\Users\247830\Desktop\projekt_light\PWM_Based_Tone_Generator.xpr
# Log file: C:/Users/247830/Desktop/projekt_light/vivado.log
# Journal file: C:/Users/247830/Desktop/projekt_light\vivado.jou
#-----------------------------------------------------------
start_gui
open_project C:/Users/247830/Desktop/projekt_light/PWM_Based_Tone_Generator.xpr
INFO: [Project 1-313] Project file moved from 'V:/MOLAK/Projekt/projekt/Projekt/PWM_Based_Tone_Generator' since last save.
WARNING: [filemgmt 56-2] Default IP Output Path : Could not find the directory 'C:/Users/247830/Desktop/projekt_light/PWM_Based_Tone_Generator.gen/sources_1', nor could it be found using path 'V:/MOLAK/Projekt/projekt/Projekt/PWM_Based_Tone_Generator/PWM_Based_Tone_Generator.gen/sources_1'.
INFO: [filemgmt 56-1] IPUserFilesDir: Directory not found as 'C:/Users/PWM_Based_Tone_Generator/PWM_Based_Tone_Generator.ip_user_files'; using path 'V:/MOLAK/Projekt/PWM_Based_Tone_Generator/PWM_Based_Tone_Generator.ip_user_files' instead.
Scanning sources...
Finished scanning sources
INFO: [IP_Flow 19-234] Refreshing IP repositories
INFO: [IP_Flow 19-1704] No user IP repositories specified
INFO: [IP_Flow 19-2313] Loaded Vivado IP repository 'C:/appz/Xilinx/Vivado/2020.2/data/ip'.
update_compile_order -fileset sources_1
update_compile_order -fileset sources_1
reset_run synth_1
launch_runs impl_1 -to_step write_bitstream -jobs 2
[Thu Apr 11 16:26:38 2024] Launched synth_1...
Run output will be captured here: C:/Users/247830/Desktop/projekt_light/PWM_Based_Tone_Generator.runs/synth_1/runme.log
[Thu Apr 11 16:26:38 2024] Launched impl_1...
Run output will be captured here: C:/Users/247830/Desktop/projekt_light/PWM_Based_Tone_Generator.runs/impl_1/runme.log
reset_run synth_1
launch_runs impl_1 -to_step write_bitstream -jobs 2
[Thu Apr 11 16:30:58 2024] Launched synth_1...
Run output will be captured here: C:/Users/247830/Desktop/projekt_light/PWM_Based_Tone_Generator.runs/synth_1/runme.log
[Thu Apr 11 16:30:58 2024] Launched impl_1...
Run output will be captured here: C:/Users/247830/Desktop/projekt_light/PWM_Based_Tone_Generator.runs/impl_1/runme.log
open_run impl_1
INFO: [Device 21-403] Loading part xc7a50ticsg324-1L
Netlist sorting complete. Time (s): cpu = 00:00:00 ; elapsed = 00:00:00.001 . Memory (MB): peak = 1056.953 ; gain = 0.000
INFO: [Netlist 29-17] Analyzing 5 Unisim elements for replacement
INFO: [Netlist 29-28] Unisim Transformation completed in 0 CPU seconds
INFO: [Project 1-479] Netlist was created with Vivado 2020.2
INFO: [Project 1-570] Preparing netlist for logic optimization
INFO: [Timing 38-478] Restoring timing data from binary archive.
INFO: [Timing 38-479] Binary timing data restore complete.
INFO: [Project 1-856] Restoring constraints from binary archive.
INFO: [Project 1-853] Binary constraint restore complete.
Reading XDEF placement.
Reading placer database...
Reading XDEF routing.
Read XDEF File: Time (s): cpu = 00:00:00 ; elapsed = 00:00:00.036 . Memory (MB): peak = 1687.883 ; gain = 0.000
Restored from archive | CPU: 0.000000 secs | Memory: 0.000000 MB |
Finished XDEF File Restore: Time (s): cpu = 00:00:00 ; elapsed = 00:00:00.037 . Memory (MB): peak = 1687.883 ; gain = 0.000
Netlist sorting complete. Time (s): cpu = 00:00:00 ; elapsed = 00:00:00 . Memory (MB): peak = 1687.883 ; gain = 0.000
INFO: [Project 1-111] Unisim Transformation Summary:
No Unisim elements were transformed.

open_run: Time (s): cpu = 00:00:20 ; elapsed = 00:00:17 . Memory (MB): peak = 1799.336 ; gain = 799.770
WARNING: [Timing 38-313] There are no user specified timing constraints. Timing constraints are needed for proper timing analysis.
open_hw_manager
connect_hw_server -allow_non_jtag
INFO: [Labtools 27-2285] Connecting to hw_server url TCP:localhost:3121
INFO: [Labtools 27-3415] Connecting to cs_server url TCP:localhost:3042
INFO: [Labtools 27-3414] Connected to existing cs_server.
open_hw_target
INFO: [Labtoolstcl 44-466] Opening hw_target localhost:3121/xilinx_tcf/Digilent/210292AD2E21A
open_hw_target: Time (s): cpu = 00:00:05 ; elapsed = 00:00:05 . Memory (MB): peak = 3401.320 ; gain = 1530.289
set_property PROGRAM.FILE {C:/Users/247830/Desktop/projekt_light/PWM_Based_Tone_Generator.runs/impl_1/top_level.bit} [get_hw_devices xc7a50t_0]
current_hw_device [get_hw_devices xc7a50t_0]
refresh_hw_device -update_hw_probes false [lindex [get_hw_devices xc7a50t_0] 0]
INFO: [Labtools 27-1434] Device xc7a50t (JTAG device index = 0) is programmed with a design that has no supported debug core(s) in it.
set_property PROBES.FILE {} [get_hw_devices xc7a50t_0]
set_property FULL_PROBES.FILE {} [get_hw_devices xc7a50t_0]
set_property PROGRAM.FILE {C:/Users/247830/Desktop/projekt_light/PWM_Based_Tone_Generator.runs/impl_1/top_level.bit} [get_hw_devices xc7a50t_0]
program_hw_devices [get_hw_devices xc7a50t_0]
INFO: [Labtools 27-3164] End of startup status: HIGH
refresh_hw_device [lindex [get_hw_devices xc7a50t_0] 0]
INFO: [Labtools 27-1434] Device xc7a50t (JTAG device index = 0) is programmed with a design that has no supported debug core(s) in it.
reset_run synth_1
launch_runs impl_1 -to_step write_bitstream -jobs 2
[Thu Apr 11 16:40:25 2024] Launched synth_1...
Run output will be captured here: C:/Users/247830/Desktop/projekt_light/PWM_Based_Tone_Generator.runs/synth_1/runme.log
[Thu Apr 11 16:40:25 2024] Launched impl_1...
Run output will be captured here: C:/Users/247830/Desktop/projekt_light/PWM_Based_Tone_Generator.runs/impl_1/runme.log
exit
INFO: [Common 17-206] Exiting Vivado at Thu Apr 11 16:43:48 2024...
